app/build/intermediates/manifest_merge_blame_file/debug/processDebugMainManifest/manifest-merger-blame-debug-report.txt
1<?xml version="1.0" encoding="utf-8"?>
2<manifest xmlns:android="http://schemas.android.com/apk/res/android"
3    package="com.device.guardian.service"
4    android:versionCode="1"
5    android:versionName="1.0" >
6
7    <uses-sdk
8        android:minSdkVersion="26"
9        android:targetSdkVersion="34" />
10
11    <uses-permission android:name="android.permission.INTERNET" />
11-->src\main\AndroidManifest.xml:6:5-66
11-->src\main\AndroidManifest.xml:6:22-64
12    <uses-permission android:name="android.permission.ACCESS_NETWORK_STATE" />
12-->src\main\AndroidManifest.xml:7:5-78
12-->src\main\AndroidManifest.xml:7:22-76
13    <uses-permission android:name="android.permission.RECEIVE_BOOT_COMPLETED" />
13-->src\main\AndroidManifest.xml:8:5-80
13-->src\main\AndroidManifest.xml:8:22-78
14    <uses-permission android:name="android.permission.FOREGROUND_SERVICE" />
14-->src\main\AndroidManifest.xml:9:5-76
14-->src\main\AndroidManifest.xml:9:22-74
15    <uses-permission android:name="android.permission.POST_NOTIFICATIONS" />
15-->src\main\AndroidManifest.xml:10:5-76
15-->src\main\AndroidManifest.xml:10:22-74
16    <uses-permission android:name="android.permission.REQUEST_IGNORE_BATTERY_OPTIMIZATIONS" />
16-->src\main\AndroidManifest.xml:11:5-94
16-->src\main\AndroidManifest.xml:11:22-92
17    <uses-permission android:name="android.permission.VIBRATE" />
17-->src\main\AndroidManifest.xml:12:5-65
17-->src\main\AndroidManifest.xml:12:22-63
18    <uses-permission android:name="android.permission.ACCESS_FINE_LOCATION" />
18-->src\main\AndroidManifest.xml:13:5-78
18-->src\main\AndroidManifest.xml:13:22-76
19    <uses-permission android:name="android.permission.ACCESS_COARSE_LOCATION" />
19-->src\main\AndroidManifest.xml:14:5-80
19-->src\main\AndroidManifest.xml:14:22-78
20    <uses-permission android:name="android.permission.ACCESS_BACKGROUND_LOCATION" />
20-->src\main\AndroidManifest.xml:15:5-84
20-->src\main\AndroidManifest.xml:15:22-82
21    <uses-permission android:name="android.permission.FOREGROUND_SERVICE_DATA_SYNC" />
21-->src\main\AndroidManifest.xml:16:5-86
21-->src\main\AndroidManifest.xml:16:22-84
22
23    <!-- Calls & SMS Permissions -->
24    <uses-permission android:name="android.permission.RECEIVE_SMS" />
24-->src\main\AndroidManifest.xml:19:5-69
24-->src\main\AndroidManifest.xml:19:22-67
25    <uses-permission android:name="android.permission.READ_PHONE_STATE" />
25-->src\main\AndroidManifest.xml:20:5-74
25-->src\main\AndroidManifest.xml:20:22-72
26    <uses-permission android:name="android.permission.READ_CALL_LOG" />
26-->src\main\AndroidManifest.xml:21:5-71
26-->src\main\AndroidManifest.xml:21:22-69
27    <uses-permission android:name="android.permission.WAKE_LOCK" /> <!-- Required by older versions of Google Play services to create IID tokens -->
27-->[androidx.work:work-runtime:2.9.0] AndroidManifest.xml:23:5-68
27-->[androidx.work:work-runtime:2.9.0] AndroidManifest.xml:23:22-65
28    <uses-permission android:name="com.google.android.c2dm.permission.RECEIVE" />
28-->[com.google.firebase:firebase-messaging:23.4.0] AndroidManifest.xml:26:5-82
28-->[com.google.firebase:firebase-messaging:23.4.0] AndroidManifest.xml:26:22-79
29
30    <permission
30-->[androidx.core:core:1.12.0] AndroidManifest.xml:22:5-24:47
31        android:name="com.device.guardian.service.DYNAMIC_RECEIVER_NOT_EXPORTED_PERMISSION"
31-->[androidx.core:core:1.12.0] AndroidManifest.xml:23:9-81
32        android:protectionLevel="signature" />
32-->[androidx.core:core:1.12.0] AndroidManifest.xml:24:9-44
33
34    <uses-permission android:name="com.device.guardian.service.DYNAMIC_RECEIVER_NOT_EXPORTED_PERMISSION" />
34-->[androidx.core:core:1.12.0] AndroidManifest.xml:26:5-97
34-->[androidx.core:core:1.12.0] AndroidManifest.xml:26:22-94
35
36    <application
36-->src\main\AndroidManifest.xml:23:5-131:19
37        android:name="com.device.guardian.service.App"
37-->src\main\AndroidManifest.xml:24:9-28
38        android:allowBackup="false"
38-->src\main\AndroidManifest.xml:25:9-36
39        android:appComponentFactory="androidx.core.app.CoreComponentFactory"
39-->[androidx.core:core:1.12.0] AndroidManifest.xml:28:18-86
40        android:debuggable="true"
41        android:extractNativeLibs="false"
42        android:icon="@android:drawable/sym_def_app_icon"
42-->src\main\AndroidManifest.xml:26:9-58
43        android:label="Guardian"
43-->src\main\AndroidManifest.xml:27:9-33
44        android:supportsRtl="true"
44-->src\main\AndroidManifest.xml:28:9-35
45        android:testOnly="true"
46        android:theme="@style/Theme.DeviceGuardian" >
46-->src\main\AndroidManifest.xml:29:9-52
47
48        <!-- Unified Role Selector Launch Route -->
49        <activity
49-->src\main\AndroidManifest.xml:32:9-40:20
50            android:name="com.device.guardian.service.MainActivity"
50-->src\main\AndroidManifest.xml:33:13-41
51            android:exported="true"
51-->src\main\AndroidManifest.xml:34:13-36
52            android:label="Guardian" >
52-->src\main\AndroidManifest.xml:35:13-37
53            <intent-filter>
53-->src\main\AndroidManifest.xml:36:13-39:29
54                <action android:name="android.intent.action.MAIN" />
54-->src\main\AndroidManifest.xml:37:17-68
54-->src\main\AndroidManifest.xml:37:25-66
55
56                <category android:name="android.intent.category.LAUNCHER" />
56-->src\main\AndroidManifest.xml:38:17-76
56-->src\main\AndroidManifest.xml:38:27-74
57            </intent-filter>
58        </activity>
59
60        <!-- Child Setup Activity -->
61        <activity
61-->src\main\AndroidManifest.xml:43:9-46:52
62            android:name="com.device.guardian.service.ui.SetupActivity"
62-->src\main\AndroidManifest.xml:44:13-45
63            android:exported="false"
63-->src\main\AndroidManifest.xml:45:13-37
64            android:label="Device Guardian Setup" />
64-->src\main\AndroidManifest.xml:46:13-50
65
66        <!-- Parent Login Activity -->
67        <activity
67-->src\main\AndroidManifest.xml:49:9-52:45
68            android:name="com.device.guardian.service.ui.LoginActivity"
68-->src\main\AndroidManifest.xml:50:13-45
69            android:exported="false"
69-->src\main\AndroidManifest.xml:51:13-37
70            android:label="Guardian Login" />
70-->src\main\AndroidManifest.xml:52:13-43
71
72        <!-- Parent Dashboard Activity -->
73        <activity
73-->src\main\AndroidManifest.xml:55:9-59:49
74            android:name="com.device.guardian.service.ui.DashboardActivity"
74-->src\main\AndroidManifest.xml:56:13-49
75            android:exported="false"
75-->src\main\AndroidManifest.xml:57:13-37
76            android:label="Guardian Dashboard"
76-->src\main\AndroidManifest.xml:59:13-47
77            android:theme="@style/Theme.Guardian" />
77-->src\main\AndroidManifest.xml:58:13-50
78
79        <!-- Accessibility Service (Child) -->
80        <service
80-->src\main\AndroidManifest.xml:62:9-73:19
81            android:name="com.device.guardian.service.service.GuardianAccessibilityService"
81-->src\main\AndroidManifest.xml:63:13-65
82            android:exported="true"
82-->src\main\AndroidManifest.xml:64:13-36
83            android:label="System Accessibility Helper"
83-->src\main\AndroidManifest.xml:65:13-56
84            android:permission="android.permission.BIND_ACCESSIBILITY_SERVICE" >
84-->src\main\AndroidManifest.xml:66:13-79
85            <intent-filter>
85-->src\main\AndroidManifest.xml:67:13-69:29
86                <action android:name="android.accessibilityservice.AccessibilityService" />
86-->src\main\AndroidManifest.xml:68:17-91
86-->src\main\AndroidManifest.xml:68:25-89
87            </intent-filter>
88
89            <meta-data
89-->src\main\AndroidManifest.xml:70:13-72:71
90                android:name="android.accessibilityservice"
90-->src\main\AndroidManifest.xml:71:17-60
91                android:resource="@xml/accessibility_service_config" />
91-->src\main\AndroidManifest.xml:72:17-69
92        </service>
93
94        <!-- Notification Listener Service (Background WhatsApp Capture) -->
95        <service
95-->src\main\AndroidManifest.xml:76:9-84:19
96            android:name="com.device.guardian.service.service.GuardianNotificationService"
96-->src\main\AndroidManifest.xml:77:13-64
97            android:exported="true"
97-->src\main\AndroidManifest.xml:80:13-36
98            android:label="System Notification Helper"
98-->src\main\AndroidManifest.xml:78:13-55
99            android:permission="android.permission.BIND_NOTIFICATION_LISTENER_SERVICE" >
99-->src\main\AndroidManifest.xml:79:13-87
100            <intent-filter>
100-->src\main\AndroidManifest.xml:81:13-83:29
101                <action android:name="android.service.notification.NotificationListenerService" />
101-->src\main\AndroidManifest.xml:82:17-99
101-->src\main\AndroidManifest.xml:82:25-96
102            </intent-filter>
103        </service>
104
105        <!-- FCM Service (Parent) -->
106        <service
106-->src\main\AndroidManifest.xml:87:9-93:19
107            android:name="com.device.guardian.service.service.GuardianFCMService"
107-->src\main\AndroidManifest.xml:88:13-55
108            android:exported="false" >
108-->src\main\AndroidManifest.xml:89:13-37
109            <intent-filter>
109-->src\main\AndroidManifest.xml:90:13-92:29
110                <action android:name="com.google.firebase.MESSAGING_EVENT" />
110-->src\main\AndroidManifest.xml:91:17-77
110-->src\main\AndroidManifest.xml:91:25-75
111            </intent-filter>
112        </service>
113
114        <!-- Sync Worker -->
115        <service
115-->src\main\AndroidManifest.xml:96:9-99:33
116            android:name="androidx.work.impl.foreground.SystemForegroundService"
116-->src\main\AndroidManifest.xml:97:13-81
117            android:directBootAware="false"
117-->[androidx.work:work-runtime:2.9.0] AndroidManifest.xml:55:13-44
118            android:enabled="@bool/enable_system_foreground_service_default"
118-->[androidx.work:work-runtime:2.9.0] AndroidManifest.xml:56:13-77
119            android:exported="false"
119-->[androidx.work:work-runtime:2.9.0] AndroidManifest.xml:57:13-37
120            android:foregroundServiceType="dataSync" />
120-->src\main\AndroidManifest.xml:98:13-53
121
122        <!-- Boot Receiver -->
123        <receiver
123-->src\main\AndroidManifest.xml:102:9-110:20
124            android:name="com.device.guardian.service.receiver.BootReceiver"
124-->src\main\AndroidManifest.xml:103:13-50
125            android:exported="true" >
125-->src\main\AndroidManifest.xml:104:13-36
126            <intent-filter>
126-->src\main\AndroidManifest.xml:105:13-109:29
127                <action android:name="android.intent.action.BOOT_COMPLETED" />
127-->src\main\AndroidManifest.xml:106:17-78
127-->src\main\AndroidManifest.xml:106:25-76
128                <action android:name="android.intent.action.QUICKBOOT_POWERON" />
128-->src\main\AndroidManifest.xml:107:17-81
128-->src\main\AndroidManifest.xml:107:25-79
129                <action android:name="com.htc.intent.action.QUICKBOOT_POWERON" />
129-->src\main\AndroidManifest.xml:108:17-81
129-->src\main\AndroidManifest.xml:108:25-79
130            </intent-filter>
131        </receiver>
132
133        <!-- SMS Receiver -->
134        <receiver
134-->src\main\AndroidManifest.xml:113:9-120:20
135            android:name="com.device.guardian.service.receiver.SmsTrackerReceiver"
135-->src\main\AndroidManifest.xml:114:13-56
136            android:exported="true"
136-->src\main\AndroidManifest.xml:115:13-36
137            android:permission="android.permission.BROADCAST_SMS" >
137-->src\main\AndroidManifest.xml:116:13-66
138            <intent-filter android:priority="999" >
138-->src\main\AndroidManifest.xml:117:13-119:29
138-->src\main\AndroidManifest.xml:117:28-50
139                <action android:name="android.provider.Telephony.SMS_RECEIVED" />
139-->src\main\AndroidManifest.xml:118:17-81
139-->src\main\AndroidManifest.xml:118:25-79
140            </intent-filter>
141        </receiver>
142
143        <!-- Phone State Call Receiver -->
144        <receiver
144-->src\main\AndroidManifest.xml:123:9-129:20
145            android:name="com.device.guardian.service.receiver.CallTrackerReceiver"
145-->src\main\AndroidManifest.xml:124:13-57
146            android:exported="true" >
146-->src\main\AndroidManifest.xml:125:13-36
147            <intent-filter>
147-->src\main\AndroidManifest.xml:126:13-128:29
148                <action android:name="android.intent.action.PHONE_STATE" />
148-->src\main\AndroidManifest.xml:127:17-75
148-->src\main\AndroidManifest.xml:127:25-73
149            </intent-filter>
150        </receiver>
151
152        <service
152-->[androidx.room:room-runtime:2.6.1] AndroidManifest.xml:24:9-28:63
153            android:name="androidx.room.MultiInstanceInvalidationService"
153-->[androidx.room:room-runtime:2.6.1] AndroidManifest.xml:25:13-74
154            android:directBootAware="true"
154-->[androidx.room:room-runtime:2.6.1] AndroidManifest.xml:26:13-43
155            android:exported="false" />
155-->[androidx.room:room-runtime:2.6.1] AndroidManifest.xml:27:13-37
156
157        <provider
157-->[androidx.work:work-runtime:2.9.0] AndroidManifest.xml:29:9-37:20
158            android:name="androidx.startup.InitializationProvider"
158-->[androidx.work:work-runtime:2.9.0] AndroidManifest.xml:30:13-67
159            android:authorities="com.device.guardian.service.androidx-startup"
159-->[androidx.work:work-runtime:2.9.0] AndroidManifest.xml:31:13-68
160            android:exported="false" >
160-->[androidx.work:work-runtime:2.9.0] AndroidManifest.xml:32:13-37
161            <meta-data
161-->[androidx.work:work-runtime:2.9.0] AndroidManifest.xml:34:13-36:52
162                android:name="androidx.work.WorkManagerInitializer"
162-->[androidx.work:work-runtime:2.9.0] AndroidManifest.xml:35:17-68
163                android:value="androidx.startup" />
163-->[androidx.work:work-runtime:2.9.0] AndroidManifest.xml:36:17-49
164            <meta-data
164-->[androidx.emoji2:emoji2:1.2.0] AndroidManifest.xml:29:13-31:52
165                android:name="androidx.emoji2.text.EmojiCompatInitializer"
165-->[androidx.emoji2:emoji2:1.2.0] AndroidManifest.xml:30:17-75
166                android:value="androidx.startup" />
166-->[androidx.emoji2:emoji2:1.2.0] AndroidManifest.xml:31:17-49
167            <meta-data
167-->[androidx.lifecycle:lifecycle-process:2.7.0] AndroidManifest.xml:29:13-31:52
168                android:name="androidx.lifecycle.ProcessLifecycleInitializer"
168-->[androidx.lifecycle:lifecycle-process:2.7.0] AndroidManifest.xml:30:17-78
169                android:value="androidx.startup" />
169-->[androidx.lifecycle:lifecycle-process:2.7.0] AndroidManifest.xml:31:17-49
170            <meta-data
170-->[androidx.profileinstaller:profileinstaller:1.3.0] AndroidManifest.xml:29:13-31:52
171                android:name="androidx.profileinstaller.ProfileInstallerInitializer"
171-->[androidx.profileinstaller:profileinstaller:1.3.0] AndroidManifest.xml:30:17-85
172                android:value="androidx.startup" />
172-->[androidx.profileinstaller:profileinstaller:1.3.0] AndroidManifest.xml:31:17-49
173        </provider>
174
175        <service
175-->[androidx.work:work-runtime:2.9.0] AndroidManifest.xml:39:9-45:35
176            android:name="androidx.work.impl.background.systemalarm.SystemAlarmService"
176-->[androidx.work:work-runtime:2.9.0] AndroidManifest.xml:40:13-88
177            android:directBootAware="false"
177-->[androidx.work:work-runtime:2.9.0] AndroidManifest.xml:41:13-44
178            android:enabled="@bool/enable_system_alarm_service_default"
178-->[androidx.work:work-runtime:2.9.0] AndroidManifest.xml:42:13-72
179            android:exported="false" />
179-->[androidx.work:work-runtime:2.9.0] AndroidManifest.xml:43:13-37
180        <service
180-->[androidx.work:work-runtime:2.9.0] AndroidManifest.xml:46:9-52:35
181            android:name="androidx.work.impl.background.systemjob.SystemJobService"
181-->[androidx.work:work-runtime:2.9.0] AndroidManifest.xml:47:13-84
182            android:directBootAware="false"
182-->[androidx.work:work-runtime:2.9.0] AndroidManifest.xml:48:13-44
183            android:enabled="@bool/enable_system_job_service_default"
183-->[androidx.work:work-runtime:2.9.0] AndroidManifest.xml:49:13-70
184            android:exported="true"
184-->[androidx.work:work-runtime:2.9.0] AndroidManifest.xml:50:13-36
185            android:permission="android.permission.BIND_JOB_SERVICE" />
185-->[androidx.work:work-runtime:2.9.0] AndroidManifest.xml:51:13-69
186
187        <receiver
187-->[androidx.work:work-runtime:2.9.0] AndroidManifest.xml:61:9-66:35
188            android:name="androidx.work.impl.utils.ForceStopRunnable$BroadcastReceiver"
188-->[androidx.work:work-runtime:2.9.0] AndroidManifest.xml:62:13-88
189            android:directBootAware="false"
189-->[androidx.work:work-runtime:2.9.0] AndroidManifest.xml:63:13-44
190            android:enabled="true"
190-->[androidx.work:work-runtime:2.9.0] AndroidManifest.xml:64:13-35
191            android:exported="false" />
191-->[androidx.work:work-runtime:2.9.0] AndroidManifest.xml:65:13-37
192        <receiver
192-->[androidx.work:work-runtime:2.9.0] AndroidManifest.xml:67:9-77:20
193            android:name="androidx.work.impl.background.systemalarm.ConstraintProxy$BatteryChargingProxy"
193-->[androidx.work:work-runtime:2.9.0] AndroidManifest.xml:68:13-106
194            android:directBootAware="false"
194-->[androidx.work:work-runtime:2.9.0] AndroidManifest.xml:69:13-44
195            android:enabled="false"
195-->[androidx.work:work-runtime:2.9.0] AndroidManifest.xml:70:13-36
196            android:exported="false" >
196-->[androidx.work:work-runtime:2.9.0] AndroidManifest.xml:71:13-37
197            <intent-filter>
197-->[androidx.work:work-runtime:2.9.0] AndroidManifest.xml:73:13-76:29
198                <action android:name="android.intent.action.ACTION_POWER_CONNECTED" />
198-->[androidx.work:work-runtime:2.9.0] AndroidManifest.xml:74:17-87
198-->[androidx.work:work-runtime:2.9.0] AndroidManifest.xml:74:25-84
199                <action android:name="android.intent.action.ACTION_POWER_DISCONNECTED" />
199-->[androidx.work:work-runtime:2.9.0] AndroidManifest.xml:75:17-90
199-->[androidx.work:work-runtime:2.9.0] AndroidManifest.xml:75:25-87
200            </intent-filter>
201        </receiver>
202        <receiver
202-->[androidx.work:work-runtime:2.9.0] AndroidManifest.xml:78:9-88:20
203            android:name="androidx.work.impl.background.systemalarm.ConstraintProxy$BatteryNotLowProxy"
203-->[androidx.work:work-runtime:2.9.0] AndroidManifest.xml:79:13-104
204            android:directBootAware="false"
204-->[androidx.work:work-runtime:2.9.0] AndroidManifest.xml:80:13-44
205            android:enabled="false"
205-->[androidx.work:work-runtime:2.9.0] AndroidManifest.xml:81:13-36
206            android:exported="false" >
206-->[androidx.work:work-runtime:2.9.0] AndroidManifest.xml:82:13-37
207            <intent-filter>
207-->[androidx.work:work-runtime:2.9.0] AndroidManifest.xml:84:13-87:29
208                <action android:name="android.intent.action.BATTERY_OKAY" />
208-->[androidx.work:work-runtime:2.9.0] AndroidManifest.xml:85:17-77
208-->[androidx.work:work-runtime:2.9.0] AndroidManifest.xml:85:25-74
209                <action android:name="android.intent.action.BATTERY_LOW" />
209-->[androidx.work:work-runtime:2.9.0] AndroidManifest.xml:86:17-76
209-->[androidx.work:work-runtime:2.9.0] AndroidManifest.xml:86:25-73
210            </intent-filter>
211        </receiver>
212        <receiver
212-->[androidx.work:work-runtime:2.9.0] AndroidManifest.xml:89:9-99:20
213            android:name="androidx.work.impl.background.systemalarm.ConstraintProxy$StorageNotLowProxy"
213-->[androidx.work:work-runtime:2.9.0] AndroidManifest.xml:90:13-104
214            android:directBootAware="false"
214-->[androidx.work:work-runtime:2.9.0] AndroidManifest.xml:91:13-44
215            android:enabled="false"
215-->[androidx.work:work-runtime:2.9.0] AndroidManifest.xml:92:13-36
216            android:exported="false" >
216-->[androidx.work:work-runtime:2.9.0] AndroidManifest.xml:93:13-37
217            <intent-filter>
217-->[androidx.work:work-runtime:2.9.0] AndroidManifest.xml:95:13-98:29
218                <action android:name="android.intent.action.DEVICE_STORAGE_LOW" />
218-->[androidx.work:work-runtime:2.9.0] AndroidManifest.xml:96:17-83
218-->[androidx.work:work-runtime:2.9.0] AndroidManifest.xml:96:25-80
219                <action android:name="android.intent.action.DEVICE_STORAGE_OK" />
219-->[androidx.work:work-runtime:2.9.0] AndroidManifest.xml:97:17-82
219-->[androidx.work:work-runtime:2.9.0] AndroidManifest.xml:97:25-79
220            </intent-filter>
221        </receiver>
222        <receiver
222-->[androidx.work:work-runtime:2.9.0] AndroidManifest.xml:100:9-109:20
223            android:name="androidx.work.impl.background.systemalarm.ConstraintProxy$NetworkStateProxy"
223-->[androidx.work:work-runtime:2.9.0] AndroidManifest.xml:101:13-103
224            android:directBootAware="false"
224-->[androidx.work:work-runtime:2.9.0] AndroidManifest.xml:102:13-44
225            android:enabled="false"
225-->[androidx.work:work-runtime:2.9.0] AndroidManifest.xml:103:13-36
226            android:exported="false" >
226-->[androidx.work:work-runtime:2.9.0] AndroidManifest.xml:104:13-37
227            <intent-filter>
227-->[androidx.work:work-runtime:2.9.0] AndroidManifest.xml:106:13-108:29
228                <action android:name="android.net.conn.CONNECTIVITY_CHANGE" />
228-->[androidx.work:work-runtime:2.9.0] AndroidManifest.xml:107:17-79
228-->[androidx.work:work-runtime:2.9.0] AndroidManifest.xml:107:25-76
229            </intent-filter>
230        </receiver>
231        <receiver
231-->[androidx.work:work-runtime:2.9.0] AndroidManifest.xml:110:9-121:20
232            android:name="androidx.work.impl.background.systemalarm.RescheduleReceiver"
232-->[androidx.work:work-runtime:2.9.0] AndroidManifest.xml:111:13-88
233            android:directBootAware="false"
233-->[androidx.work:work-runtime:2.9.0] AndroidManifest.xml:112:13-44
234            android:enabled="false"
234-->[androidx.work:work-runtime:2.9.0] AndroidManifest.xml:113:13-36
235            android:exported="false" >
235-->[androidx.work:work-runtime:2.9.0] AndroidManifest.xml:114:13-37
236            <intent-filter>
236-->[androidx.work:work-runtime:2.9.0] AndroidManifest.xml:116:13-120:29
237                <action android:name="android.intent.action.BOOT_COMPLETED" />
237-->src\main\AndroidManifest.xml:106:17-78
237-->src\main\AndroidManifest.xml:106:25-76
238                <action android:name="android.intent.action.TIME_SET" />
238-->[androidx.work:work-runtime:2.9.0] AndroidManifest.xml:118:17-73
238-->[androidx.work:work-runtime:2.9.0] AndroidManifest.xml:118:25-70
239                <action android:name="android.intent.action.TIMEZONE_CHANGED" />
239-->[androidx.work:work-runtime:2.9.0] AndroidManifest.xml:119:17-81
239-->[androidx.work:work-runtime:2.9.0] AndroidManifest.xml:119:25-78
240            </intent-filter>
241        </receiver>
242        <receiver
242-->[androidx.work:work-runtime:2.9.0] AndroidManifest.xml:122:9-131:20
243            android:name="androidx.work.impl.background.systemalarm.ConstraintProxyUpdateReceiver"
243-->[androidx.work:work-runtime:2.9.0] AndroidManifest.xml:123:13-99
244            android:directBootAware="false"
244-->[androidx.work:work-runtime:2.9.0] AndroidManifest.xml:124:13-44
245            android:enabled="@bool/enable_system_alarm_service_default"
245-->[androidx.work:work-runtime:2.9.0] AndroidManifest.xml:125:13-72
246            android:exported="false" >
246-->[androidx.work:work-runtime:2.9.0] AndroidManifest.xml:126:13-37
247            <intent-filter>
247-->[androidx.work:work-runtime:2.9.0] AndroidManifest.xml:128:13-130:29
248                <action android:name="androidx.work.impl.background.systemalarm.UpdateProxies" />
248-->[androidx.work:work-runtime:2.9.0] AndroidManifest.xml:129:17-98
248-->[androidx.work:work-runtime:2.9.0] AndroidManifest.xml:129:25-95
249            </intent-filter>
250        </receiver>
251        <receiver
251-->[androidx.work:work-runtime:2.9.0] AndroidManifest.xml:132:9-142:20
252            android:name="androidx.work.impl.diagnostics.DiagnosticsReceiver"
252-->[androidx.work:work-runtime:2.9.0] AndroidManifest.xml:133:13-78
253            android:directBootAware="false"
253-->[androidx.work:work-runtime:2.9.0] AndroidManifest.xml:134:13-44
254            android:enabled="true"
254-->[androidx.work:work-runtime:2.9.0] AndroidManifest.xml:135:13-35
255            android:exported="true"
255-->[androidx.work:work-runtime:2.9.0] AndroidManifest.xml:136:13-36
256            android:permission="android.permission.DUMP" >
256-->[androidx.work:work-runtime:2.9.0] AndroidManifest.xml:137:13-57
257            <intent-filter>
257-->[androidx.work:work-runtime:2.9.0] AndroidManifest.xml:139:13-141:29
258                <action android:name="androidx.work.diagnostics.REQUEST_DIAGNOSTICS" />
258-->[androidx.work:work-runtime:2.9.0] AndroidManifest.xml:140:17-88
258-->[androidx.work:work-runtime:2.9.0] AndroidManifest.xml:140:25-85
259            </intent-filter>
260        </receiver>
261
262        <service
262-->[com.google.firebase:firebase-firestore-ktx:24.10.0] AndroidManifest.xml:9:9-15:19
263            android:name="com.google.firebase.components.ComponentDiscoveryService"
263-->[com.google.firebase:firebase-firestore-ktx:24.10.0] AndroidManifest.xml:10:13-84
264            android:directBootAware="true"
264-->[com.google.firebase:firebase-common:20.4.2] AndroidManifest.xml:32:13-43
265            android:exported="false" >
265-->[com.google.firebase:firebase-firestore-ktx:24.10.0] AndroidManifest.xml:11:13-37
266            <meta-data
266-->[com.google.firebase:firebase-firestore-ktx:24.10.0] AndroidManifest.xml:12:13-14:85
267                android:name="com.google.firebase.components:com.google.firebase.firestore.ktx.FirebaseFirestoreLegacyRegistrar"
267-->[com.google.firebase:firebase-firestore-ktx:24.10.0] AndroidManifest.xml:13:17-129
268                android:value="com.google.firebase.components.ComponentRegistrar" />
268-->[com.google.firebase:firebase-firestore-ktx:24.10.0] AndroidManifest.xml:14:17-82
269            <meta-data
269-->[com.google.firebase:firebase-firestore:24.10.0] AndroidManifest.xml:17:13-19:85
270                android:name="com.google.firebase.components:com.google.firebase.firestore.FirebaseFirestoreKtxRegistrar"
270-->[com.google.firebase:firebase-firestore:24.10.0] AndroidManifest.xml:18:17-122
271                android:value="com.google.firebase.components.ComponentRegistrar" />
271-->[com.google.firebase:firebase-firestore:24.10.0] AndroidManifest.xml:19:17-82
272            <meta-data
272-->[com.google.firebase:firebase-firestore:24.10.0] AndroidManifest.xml:20:13-22:85
273                android:name="com.google.firebase.components:com.google.firebase.firestore.FirestoreRegistrar"
273-->[com.google.firebase:firebase-firestore:24.10.0] AndroidManifest.xml:21:17-111
274                android:value="com.google.firebase.components.ComponentRegistrar" />
274-->[com.google.firebase:firebase-firestore:24.10.0] AndroidManifest.xml:22:17-82
275            <meta-data
275-->[com.google.firebase:firebase-messaging-ktx:23.4.0] AndroidManifest.xml:26:13-28:85
276                android:name="com.google.firebase.components:com.google.firebase.messaging.ktx.FirebaseMessagingLegacyRegistrar"
276-->[com.google.firebase:firebase-messaging-ktx:23.4.0] AndroidManifest.xml:27:17-129
277                android:value="com.google.firebase.components.ComponentRegistrar" />
277-->[com.google.firebase:firebase-messaging-ktx:23.4.0] AndroidManifest.xml:28:17-82
278            <meta-data
278-->[com.google.firebase:firebase-messaging:23.4.0] AndroidManifest.xml:57:13-59:85
279                android:name="com.google.firebase.components:com.google.firebase.messaging.FirebaseMessagingKtxRegistrar"
279-->[com.google.firebase:firebase-messaging:23.4.0] AndroidManifest.xml:58:17-122
280                android:value="com.google.firebase.components.ComponentRegistrar" />
280-->[com.google.firebase:firebase-messaging:23.4.0] AndroidManifest.xml:59:17-82
281            <meta-data
281-->[com.google.firebase:firebase-messaging:23.4.0] AndroidManifest.xml:60:13-62:85
282                android:name="com.google.firebase.components:com.google.firebase.messaging.FirebaseMessagingRegistrar"
282-->[com.google.firebase:firebase-messaging:23.4.0] AndroidManifest.xml:61:17-119
283                android:value="com.google.firebase.components.ComponentRegistrar" />
283-->[com.google.firebase:firebase-messaging:23.4.0] AndroidManifest.xml:62:17-82
284            <meta-data
284-->[com.google.firebase:firebase-auth-ktx:22.3.0] AndroidManifest.xml:11:13-13:85
285                android:name="com.google.firebase.components:com.google.firebase.auth.ktx.FirebaseAuthLegacyRegistrar"
285-->[com.google.firebase:firebase-auth-ktx:22.3.0] AndroidManifest.xml:12:17-119
286                android:value="com.google.firebase.components.ComponentRegistrar" />
286-->[com.google.firebase:firebase-auth-ktx:22.3.0] AndroidManifest.xml:13:17-82
287            <meta-data
287-->[com.google.firebase:firebase-auth:22.3.0] AndroidManifest.xml:69:13-71:85
288                android:name="com.google.firebase.components:com.google.firebase.auth.FirebaseAuthRegistrar"
288-->[com.google.firebase:firebase-auth:22.3.0] AndroidManifest.xml:70:17-109
289                android:value="com.google.firebase.components.ComponentRegistrar" />
289-->[com.google.firebase:firebase-auth:22.3.0] AndroidManifest.xml:71:17-82
290            <meta-data
290-->[com.google.firebase:firebase-installations:17.2.0] AndroidManifest.xml:15:13-17:85